<?xml version="1.0" encoding="UTF-8"?>
<!-- Generated by org.testng.reporters.JUnitReportReporter -->
<testsuite hostname="BRIAN" failures="0" tests="1" name="Academy.E2EProject.AppTest" time="0.025" errors="0" timestamp="2022-07-10T19:05:00 IST" skipped="0">
  <testcase classname="Academy.E2EProject.AppTest" name="shouldAnswerWithTrue" time="0.025"/>
  <system-out/>
</testsuite> <!-- Academy.E2EProject.AppTest -->
