<?xml version="1.0" encoding="UTF-8"?>
<!-- Generated by org.testng.reporters.JUnitReportReporter -->
<testsuite hostname="BRIAN" failures="0" tests="2" name="Academy.E2EProject.HomePage" time="185.330" errors="0" timestamp="2022-07-14T21:13:12 IST" skipped="0">
  <testcase classname="Academy.E2EProject.HomePage" name="basePageLoginUsers" time="37.179"/>
  <system-out/>
  <testcase classname="Academy.E2EProject.HomePage" name="basePageLoginUsers" time="148.151"/>
  <system-out/>
</testsuite> <!-- Academy.E2EProject.HomePage -->
