<?xml version="1.0" encoding="UTF-8"?>
<!-- Generated by org.testng.reporters.JUnitReportReporter -->
<testsuite hostname="BRIAN" failures="0" tests="1" name="Academy.E2EProject.ValidateNavigationBar" time="0.087" errors="0" timestamp="2022-07-14T21:13:12 IST" skipped="0">
  <testcase classname="Academy.E2EProject.ValidateNavigationBar" name="basePageNavigationBar" time="0.087"/>
  <system-out/>
</testsuite> <!-- Academy.E2EProject.ValidateNavigationBar -->
